<?xml version="1.0" encoding="UTF-8"?>
<!-- Generated by org.testng.reporters.JUnitReportReporter -->
<testsuite hostname="DESKTOP-JN4EOK6" failures="0" tests="2" name="com.flib.setpinto.MobileSearch" time="27.917" errors="0" timestamp="10 Nov 2022 13:16:23 GMT" skipped="0">
  <testcase classname="com.flib.setpinto.MobileSearch" name="test1" time="23.989"/>
  <testcase classname="com.flib.setpinto.MobileSearch" name="test2" time="3.928"/>
</testsuite> <!-- com.flib.setpinto.MobileSearch -->
